Successfully connected to the database.
[0mGET / [36m304 [0m510.135 ms - -[0m
[0mGET /stylesheets/style.css [36m304 [0m3.884 ms - -[0m
Successfully connected to the database.
[0mGET / [36m304 [0m450.708 ms - -[0m
[0mGET /stylesheets/style.css [36m304 [0m3.413 ms - -[0m
[0mGET / [36m304 [0m17.685 ms - -[0m
[0mGET /stylesheets/style.css [36m304 [0m1.124 ms - -[0m
[0mGET /questions/getquestions?page=1&limit=10 [36m304 [0m10.197 ms - -[0m
[0mGET /questions/getfilters [36m304 [0m15.327 ms - -[0m
[0mGET /uploads/2.png [36m304 [0m5.490 ms - -[0m
[0mGET /uploads/9.png [36m304 [0m4.452 ms - -[0m
[0mGET /uploads/1.png [36m304 [0m4.496 ms - -[0m
[0mGET /uploads/3.png [36m304 [0m4.520 ms - -[0m
[0mGET /questions/getfields [36m304 [0m4.419 ms - -[0m
[0mGET /questions/getfilters [36m304 [0m15.353 ms - -[0m
[0mGET /questions/getfields [36m304 [0m6.528 ms - -[0m
[0mGET /questions/getfilters [36m304 [0m6.784 ms - -[0m
[0mGET /questions/getfields [36m304 [0m3.858 ms - -[0m
[0mGET /questions/getfilters [36m304 [0m13.058 ms - -[0m
Successfully connected to the database.
[0mGET /questions/getfilters [36m304 [0m38.077 ms - -[0m
[0mGET /questions/getfilters [36m304 [0m29.310 ms - -[0m
[0mGET /questions/getquestions?page=1&limit=10 [36m304 [0m27.404 ms - -[0m
[0mGET /uploads/9.png [36m304 [0m10.067 ms - -[0m
[0mGET /uploads/1.png [36m304 [0m8.935 ms - -[0m
[0mGET /uploads/2.png [36m304 [0m8.541 ms - -[0m
[0mGET /uploads/3.png [36m304 [0m7.454 ms - -[0m
[0mGET /questions/getfields [36m304 [0m6.014 ms - -[0m
[0mGET /questions/getquestions?page=1&limit=10 [36m304 [0m8.589 ms - -[0m
[0mGET /questions/getfilters [36m304 [0m13.957 ms - -[0m
[0mGET /uploads/9.png [36m304 [0m7.237 ms - -[0m
[0mGET /uploads/1.png [36m304 [0m7.707 ms - -[0m
[0mGET /uploads/2.png [36m304 [0m7.301 ms - -[0m
[0mGET /uploads/3.png [36m304 [0m7.205 ms - -[0m
[0mGET /questions/getfields [36m304 [0m7.032 ms - -[0m
[0mGET /questions/getquestions?page=1&limit=10 [36m304 [0m7.528 ms - -[0m
[0mGET /questions/getfilters [36m304 [0m11.553 ms - -[0m
[0mGET /uploads/9.png [36m304 [0m8.230 ms - -[0m
[0mGET /uploads/1.png [36m304 [0m8.038 ms - -[0m
[0mGET /uploads/2.png [36m304 [0m6.964 ms - -[0m
[0mGET /uploads/3.png [36m304 [0m7.173 ms - -[0m
[0mGET /questions/getquestions?page=1&limit=10 [36m304 [0m6.953 ms - -[0m
[0mGET /questions/getfilters [36m304 [0m10.524 ms - -[0m
[0mGET /uploads/9.png [36m304 [0m5.408 ms - -[0m
[0mGET /uploads/1.png [36m304 [0m8.687 ms - -[0m
[0mGET /uploads/2.png [36m304 [0m4.070 ms - -[0m
[0mGET /uploads/3.png [36m304 [0m4.693 ms - -[0m
[0mGET /questions/getflterdquestions?1=1&7=7&17=17&curriculum=1&subject=7&topic=17&paper=1&season=1&zone=1&page=1&limit=5 [36m304 [0m5.967 ms - -[0m
[0mGET /uploads/4.png [36m304 [0m2.642 ms - -[0m
[0mGET /uploads/5.png [36m304 [0m3.313 ms - -[0m
Successfully connected to the database.
[0mGET /questions/getquestions?page=1&limit=10 [32m200 [0m18.582 ms - 2215[0m
[0mGET /questions/getfilters [32m200 [0m33.993 ms - 3472[0m
[0mGET /uploads/9.png [32m200 [0m29.030 ms - 39007[0m
[0mGET /uploads/1.png [32m200 [0m29.062 ms - 55264[0m
[0mGET /uploads/3.png [32m200 [0m21.954 ms - 65146[0m
[0mGET /uploads/2.png [32m200 [0m30.145 ms - 76412[0m
[0mGET /questions/getquestions?page=1&limit=10 [36m304 [0m9.345 ms - -[0m
[0mGET /questions/getfilters [36m304 [0m14.957 ms - -[0m
[0mGET /uploads/9.png [36m304 [0m8.524 ms - -[0m
[0mGET /uploads/1.png [36m304 [0m14.395 ms - -[0m
[0mGET /uploads/2.png [36m304 [0m14.172 ms - -[0m
[0mGET /uploads/3.png [36m304 [0m14.970 ms - -[0m
[0mGET /questions/getfilters [36m304 [0m8.883 ms - -[0m
[0mGET /questions/getfields [36m304 [0m5.097 ms - -[0m
[0mGET /questions/getfilters [36m304 [0m6.983 ms - -[0m
[0mGET /questions/getquestions?page=1&limit=10 [36m304 [0m6.274 ms - -[0m
[0mGET /questions/getfilters [36m304 [0m9.888 ms - -[0m
[0mGET /uploads/9.png [36m304 [0m5.128 ms - -[0m
[0mGET /uploads/1.png [36m304 [0m5.468 ms - -[0m
[0mGET /uploads/2.png [36m304 [0m5.731 ms - -[0m
[0mGET /uploads/3.png [36m304 [0m5.292 ms - -[0m
[0mGET /questions/getfilters [36m304 [0m7.253 ms - -[0m
[0mGET /questions/getfields [36m304 [0m6.530 ms - -[0m
[0mGET /questions/getfilters [36m304 [0m5.288 ms - -[0m
[0mGET /questions/getquestions?page=1&limit=10 [36m304 [0m5.535 ms - -[0m
[0mGET /questions/getfilters [36m304 [0m10.499 ms - -[0m
[0mGET /questions/getflterdquestions?1=1&7=7&17=17&curriculum=1&subject=7&topic=17&paper=1&season=1&zone=1&page=1&limit=5 [36m304 [0m4.596 ms - -[0m
[0mGET /uploads/4.png [36m304 [0m2.565 ms - -[0m
[0mGET /uploads/5.png [36m304 [0m2.390 ms - -[0m
Successfully connected to the database.
Successfully connected to the database.
[0mGET /questions/getquestions?page=1&limit=10 [36m304 [0m25.085 ms - -[0m
[0mGET /questions/getfilters [36m304 [0m37.474 ms - -[0m
[0mGET /uploads/1.png [36m304 [0m8.763 ms - -[0m
[0mGET /uploads/9.png [36m304 [0m8.069 ms - -[0m
[0mGET /uploads/2.png [36m304 [0m7.712 ms - -[0m
[0mGET /uploads/3.png [36m304 [0m6.864 ms - -[0m
[0mGET /uploads/9.png [36m304 [0m1.131 ms - -[0m
[0mGET /uploads/1.png [36m304 [0m1.336 ms - -[0m
[0mGET /uploads/2.png [36m304 [0m1.250 ms - -[0m
[0mGET /uploads/3.png [36m304 [0m1.188 ms - -[0m
[0mGET /uploads/1.png [36m304 [0m1.159 ms - -[0m
[0mGET /uploads/2.png [36m304 [0m1.159 ms - -[0m
[0mGET /questions/getquestions?page=1&limit=10 [36m304 [0m60.287 ms - -[0m
[0mGET /questions/getfilters [36m304 [0m77.024 ms - -[0m
[0mGET /questions/getquestions?page=1&limit=10 [36m304 [0m5.542 ms - -[0m
[0mGET /questions/getfilters [36m304 [0m14.306 ms - -[0m
[0mGET /uploads/9.png [36m304 [0m4.324 ms - -[0m
[0mGET /uploads/1.png [36m304 [0m4.909 ms - -[0m
[0mGET /uploads/2.png [36m304 [0m3.874 ms - -[0m
[0mGET /uploads/3.png [36m304 [0m6.264 ms - -[0m
[0mGET /questions/getflterdquestions?1=1&7=7&17=17&curriculum=1&subject=7&topic=17&paper=1&season=1&zone=1&page=1&limit=5 [36m304 [0m9.870 ms - -[0m
[0mGET /uploads/4.png [36m304 [0m1.506 ms - -[0m
[0mGET /uploads/5.png [32m200 [0m21.284 ms - 126902[0m
[0mGET /questions/getquestions?page=1&limit=10 [36m304 [0m5.765 ms - -[0m
[0mGET /questions/getfilters [36m304 [0m10.231 ms - -[0m
[0mGET /questions/getquestions?page=1&limit=10 [36m304 [0m6.652 ms - -[0m
[0mGET /questions/getfilters [36m304 [0m6.675 ms - -[0m
[0mGET /uploads/9.png [36m304 [0m1.000 ms - -[0m
[0mGET /uploads/1.png [36m304 [0m4.058 ms - -[0m
[0mGET /uploads/3.png [36m304 [0m6.043 ms - -[0m
[0mGET /uploads/2.png [36m304 [0m6.710 ms - -[0m
Successfully connected to the database.
[0mGET /questions/getfilters [36m304 [0m68.544 ms - -[0m
[0mGET /questions/getfields [36m304 [0m10.365 ms - -[0m
[0mGET /questions/getquestions?page=1&limit=10 [32m200 [0m17.997 ms - 245[0m
[0mGET /questions/getfilters [36m304 [0m13.238 ms - -[0m
[0mGET /questions/getquestions?page=1&limit=10 [36m304 [0m6.623 ms - -[0m
[0mGET /questions/getfilters [36m304 [0m8.626 ms - -[0m
[0mGET /questions/getfilters [36m304 [0m5.881 ms - -[0m
[0mGET /questions/getfilters [36m304 [0m5.362 ms - -[0m
[0mGET /questions/getfilters [36m304 [0m5.133 ms - -[0m
[0mGET /questions/getfields [36m304 [0m4.537 ms - -[0m
[0mGET /questions/getfilters [36m304 [0m6.402 ms - -[0m
[0mGET /questions/getquestions?page=1&limit=10 [36m304 [0m4.863 ms - -[0m
[0mGET /questions/getfilters [36m304 [0m9.093 ms - -[0m
[0mGET /questions/getfilters [36m304 [0m5.683 ms - -[0m
[0mGET /questions/getfields [36m304 [0m3.220 ms - -[0m
[0mGET /questions/getquestions?page=1&limit=10 [36m304 [0m4.619 ms - -[0m
[0mGET /questions/getfilters [36m304 [0m7.213 ms - -[0m
[0mGET /questions/getquestions?page=1&limit=10 [36m304 [0m59.179 ms - -[0m
[0mGET /questions/getfilters [36m304 [0m62.548 ms - -[0m
delete: 25
Item deleted successfully
[0mDELETE /questions//deleteQuestion/25 [32m200 [0m22.740 ms - 54[0m
[0mGET /questions/getquestions?page=1&limit=10 [32m200 [0m3.662 ms - 29[0m
[0mGET /questions/getfilters [36m304 [0m6.020 ms - -[0m
function called
Question Files: [
  {
    fieldname: 'questionfiles',
    originalname: '1.png',
    encoding: '7bit',
    mimetype: 'image/png',
    destination: 'uploads/',
    filename: '1.png',
    path: 'uploads\\1.png',
    size: 55264
  },
  {
    fieldname: 'questionfiles',
    originalname: '2.png',
    encoding: '7bit',
    mimetype: 'image/png',
    destination: 'uploads/',
    filename: '2.png',
    path: 'uploads\\2.png',
    size: 76412
  }
]
Answer Files: [
  {
    fieldname: 'answerfile',
    originalname: '6.png',
    encoding: '7bit',
    mimetype: 'image/png',
    destination: 'uploads/',
    filename: '6.png',
    path: 'uploads\\6.png',
    size: 130381
  },
  {
    fieldname: 'answerfile',
    originalname: '7.png',
    encoding: '7bit',
    mimetype: 'image/png',
    destination: 'uploads/',
    filename: '7.png',
    path: 'uploads\\7.png',
    size: 113138
  }
]
[0mPOST /questions/uploads [32m200 [0m44.555 ms - 62[0m
[0mGET /questions/getquestions?page=1&limit=10 [32m200 [0m4.645 ms - 257[0m
[0mGET /questions/getfilters [36m304 [0m13.277 ms - -[0m
[0mGET /uploads/1.png [32m200 [0m7.940 ms - 55264[0m
[0mGET /uploads/2.png [32m200 [0m7.913 ms - 76412[0m
[0mGET /uploads/1.png [36m304 [0m10.847 ms - -[0m
[0mGET /uploads/2.png [36m304 [0m1.748 ms - -[0m
[0mGET /questions/getfilters [36m304 [0m13.799 ms - -[0m
function called
Question Files: undefined
Answer Files: undefined
[0mPOST /questions/uploads [32m200 [0m14.002 ms - 62[0m
[0mGET /questions/getquestions?page=1&limit=10 [32m200 [0m3.547 ms - 475[0m
[0mGET /questions/getfilters [36m304 [0m6.060 ms - -[0m
[0mGET /uploads/1.png [36m304 [0m1.861 ms - -[0m
[0mGET /uploads/2.png [36m304 [0m1.946 ms - -[0m
[0mGET /questions/getfilters [36m304 [0m5.487 ms - -[0m
[0mGET /questions/getquestions?page=1&limit=10 [36m304 [0m12.357 ms - -[0m
[0mGET /questions/getfilters [36m304 [0m15.529 ms - -[0m
[0mGET /questions/getfilters [36m304 [0m12.790 ms - -[0m
function called
Question Files: undefined
Answer Files: undefined
[0mPOST /questions/uploads [32m200 [0m14.953 ms - 62[0m
[0mGET /questions/getquestions?page=1&limit=10 [32m200 [0m4.257 ms - 690[0m
[0mGET /questions/getfilters [36m304 [0m6.896 ms - -[0m
[0mGET /uploads/1.png [36m304 [0m1.804 ms - -[0m
[0mGET /uploads/2.png [36m304 [0m1.841 ms - -[0m
delete: 27
Item deleted successfully
[0mDELETE /questions//deleteQuestion/27 [32m200 [0m11.914 ms - 54[0m
[0mGET /questions/getquestions?page=1&limit=10 [32m200 [0m2.175 ms - 472[0m
[0mGET /questions/getfields [36m304 [0m3.266 ms - -[0m
[0mGET /questions/getfilters [36m304 [0m4.903 ms - -[0m
[0mGET /questions/getquestions?page=1&limit=10 [36m304 [0m3.625 ms - -[0m
[0mGET /questions/getfilters [36m304 [0m5.635 ms - -[0m
[0mGET /uploads/1.png [36m304 [0m2.960 ms - -[0m
[0mGET /uploads/2.png [36m304 [0m2.876 ms - -[0m
[0mGET /questions/getfields [36m304 [0m4.088 ms - -[0m
[0mGET /questions/getfilters [36m304 [0m4.068 ms - -[0m
[0mGET /questions/getquestions?page=1&limit=10 [36m304 [0m2.906 ms - -[0m
[0mGET /questions/getfilters [36m304 [0m4.713 ms - -[0m
[0mGET /uploads/1.png [36m304 [0m1.450 ms - -[0m
[0mGET /uploads/2.png [36m304 [0m1.653 ms - -[0m
[0mGET /uploads/1.png [36m304 [0m1.302 ms - -[0m
[0mGET /uploads/2.png [36m304 [0m1.161 ms - -[0m
Successfully connected to the database.
[0mGET /questions/getfilters [36m304 [0m36.341 ms - -[0m
[0mGET /questions/getfilters [36m304 [0m5.476 ms - -[0m
[0mGET /questions/getfilters [36m304 [0m8.519 ms - -[0m
[0mGET /questions/getquestions?page=1&limit=10 [32m200 [0m28.427 ms - 472[0m
[0mGET /questions/getfilters [36m304 [0m31.044 ms - -[0m
[0mGET /questions/getquestions?page=1&limit=10 [36m304 [0m4.145 ms - -[0m
[0mGET /uploads/1.png [32m200 [0m22.136 ms - 55264[0m
[0mGET /uploads/2.png [32m200 [0m27.272 ms - 76412[0m
[0mGET /uploads/1.png [36m304 [0m2.777 ms - -[0m
[0mGET /uploads/2.png [36m304 [0m1.270 ms - -[0m
[0mGET /uploads/1.png [36m304 [0m1.745 ms - -[0m
[0mGET /uploads/2.png [36m304 [0m1.115 ms - -[0m
[0mGET /uploads/1.png [36m304 [0m1.802 ms - -[0m
[0mGET /uploads/2.png [36m304 [0m1.486 ms - -[0m
[0mGET /uploads/1.png [36m304 [0m1.700 ms - -[0m
[0mGET /uploads/2.png [36m304 [0m1.710 ms - -[0m
[0mGET /uploads/1.png [36m304 [0m1.336 ms - -[0m
[0mGET /uploads/2.png [36m304 [0m1.536 ms - -[0m
[0mGET /uploads/1.png [36m304 [0m1.357 ms - -[0m
[0mGET /uploads/2.png [36m304 [0m7.263 ms - -[0m
[0mGET /uploads/1.png [36m304 [0m11.435 ms - -[0m
[0mGET /uploads/2.png [36m304 [0m0.934 ms - -[0m
[0mGET /uploads/1.png [36m304 [0m1.372 ms - -[0m
[0mGET /uploads/2.png [36m304 [0m1.359 ms - -[0m
[0mGET /uploads/1.png [36m304 [0m1.244 ms - -[0m
[0mGET /uploads/2.png [36m304 [0m1.341 ms - -[0m
[0mGET /uploads/1.png [36m304 [0m1.575 ms - -[0m
[0mGET /uploads/2.png [36m304 [0m1.031 ms - -[0m
[0mGET /uploads/1.png [36m304 [0m0.776 ms - -[0m
[0mGET /uploads/2.png [36m304 [0m0.820 ms - -[0m
[0mGET /uploads/1.png [36m304 [0m1.310 ms - -[0m
[0mGET /uploads/2.png [36m304 [0m0.972 ms - -[0m
[0mGET /uploads/1.png [36m304 [0m1.033 ms - -[0m
[0mGET /uploads/2.png [36m304 [0m0.945 ms - -[0m
[0mGET /uploads/1.png [36m304 [0m0.728 ms - -[0m
[0mGET /uploads/2.png [36m304 [0m0.794 ms - -[0m
[0mGET /uploads/1.png [36m304 [0m0.756 ms - -[0m
[0mGET /uploads/2.png [36m304 [0m0.795 ms - -[0m
[0mGET /uploads/1.png [36m304 [0m0.812 ms - -[0m
[0mGET /uploads/2.png [36m304 [0m0.777 ms - -[0m
[0mGET /uploads/1.png [36m304 [0m1.382 ms - -[0m
[0mGET /uploads/2.png [36m304 [0m1.250 ms - -[0m
[0mGET /uploads/1.png [36m304 [0m1.445 ms - -[0m
[0mGET /uploads/2.png [36m304 [0m0.942 ms - -[0m
[0mGET /uploads/1.png [36m304 [0m0.827 ms - -[0m
[0mGET /uploads/2.png [36m304 [0m0.776 ms - -[0m
[0mGET /uploads/1.png [36m304 [0m1.211 ms - -[0m
[0mGET /uploads/2.png [36m304 [0m0.734 ms - -[0m
[0mGET /uploads/1.png [36m304 [0m0.761 ms - -[0m
[0mGET /uploads/2.png [36m304 [0m0.729 ms - -[0m
[0mGET /uploads/1.png [36m304 [0m1.349 ms - -[0m
[0mGET /uploads/2.png [36m304 [0m1.799 ms - -[0m
[0mGET /uploads/1.png [36m304 [0m1.101 ms - -[0m
[0mGET /uploads/2.png [36m304 [0m0.773 ms - -[0m
[0mGET /uploads/1.png [36m304 [0m0.780 ms - -[0m
[0mGET /uploads/2.png [36m304 [0m0.845 ms - -[0m
[0mGET /uploads/1.png [36m304 [0m1.204 ms - -[0m
[0mGET /uploads/2.png [36m304 [0m0.880 ms - -[0m
[0mGET /uploads/1.png [36m304 [0m1.294 ms - -[0m
[0mGET /uploads/2.png [36m304 [0m1.309 ms - -[0m
[0mGET /uploads/1.png [36m304 [0m0.774 ms - -[0m
[0mGET /uploads/2.png [36m304 [0m0.779 ms - -[0m
[0mGET /uploads/1.png [36m304 [0m0.851 ms - -[0m
[0mGET /uploads/2.png [36m304 [0m0.715 ms - -[0m
[0mGET /uploads/1.png [36m304 [0m1.032 ms - -[0m
[0mGET /uploads/2.png [36m304 [0m10.785 ms - -[0m
[0mGET /uploads/1.png [36m304 [0m1.337 ms - -[0m
[0mGET /uploads/2.png [36m304 [0m1.309 ms - -[0m
[0mGET /uploads/1.png [36m304 [0m7.395 ms - -[0m
[0mGET /uploads/2.png [36m304 [0m1.482 ms - -[0m
[0mGET /uploads/1.png [36m304 [0m1.266 ms - -[0m
[0mGET /uploads/2.png [36m304 [0m1.413 ms - -[0m
[0mGET /questions/getflterdquestions?1=1&7=7&17=17&curriculum=1&subject=7&topic=17&paper=1&season=Feb&zone=1&page=1&limit=5&dificulty=1&Feb=Feb [32m200 [0m30.585 ms - 472[0m
[0mGET /questions/getflterdquestions?1=1&2=2&7=7&17=17&curriculum=1&subject=7&topic=17&paper=1&season=Feb&zone=2&page=1&limit=5&dificulty=1&Feb=Feb [33m404 [0m5.210 ms - 62[0m
[0mGET /questions/getflterdquestions?1=1&2=2&3=3&7=7&17=17&curriculum=1&subject=7&topic=17&paper=1&season=Feb&zone=3&page=1&limit=5&dificulty=1&Feb=Feb [33m404 [0m3.166 ms - 62[0m
[0mGET /questions/getquestions?page=1&limit=10 [36m304 [0m4.599 ms - -[0m
[0mGET /questions/getfilters [36m304 [0m7.210 ms - -[0m
[0mGET /uploads/1.png [36m304 [0m1.545 ms - -[0m
[0mGET /uploads/2.png [36m304 [0m1.695 ms - -[0m
[0mGET /questions/getflterdquestions?1=1&2=2&3=3&7=7&17=17&curriculum=1&subject=7&topic=17&paper=1&season=Feb&zone=1&page=1&limit=5&dificulty=1&Feb=Feb [32m200 [0m1.686 ms - 472[0m
[0mGET /questions/getflterdquestions?1=1&2=2&3=3&7=7&17=17&curriculum=1&subject=7&topic=17&paper=1&season=Feb&zone=2&page=1&limit=5&dificulty=1&Feb=Feb [33m404 [0m5.124 ms - 62[0m
[0mGET /questions/getflterdquestions?1=1&2=2&3=3&7=7&17=17&curriculum=1&subject=7&topic=17&paper=1&season=Feb&zone=3&page=1&limit=5&dificulty=1&Feb=Feb [33m404 [0m5.732 ms - 62[0m
[0mGET /questions/getflterdquestions?1=1&2=2&3=3&7=7&17=17&curriculum=1&subject=7&topic=17&paper=1&season=Feb&zone=3&page=1&limit=5&dificulty=1&Feb=Feb [33m404 [0m2.983 ms - 62[0m
[0mGET /questions/getflterdquestions?1=1&2=2&3=3&7=7&17=17&curriculum=1&subject=7&topic=17&paper=1&season=Feb&zone=3&page=1&limit=5&dificulty=1&Feb=Feb [33m404 [0m2.752 ms - 62[0m
[0mGET /questions/getflterdquestions?1=1&2=2&3=3&7=7&17=17&curriculum=1&subject=7&topic=17&paper=1&season=Feb&zone=3&page=1&limit=5&dificulty=1&Feb=Feb [33m404 [0m2.764 ms - 62[0m
[0mGET /questions/getflterdquestions?1=1&2=2&3=3&7=7&17=17&curriculum=1&subject=7&topic=17&paper=1&season=Feb&zone=3&page=1&limit=5&dificulty=1&Feb=Feb [33m404 [0m7.646 ms - 62[0m
[0mGET /questions/getflterdquestions?1=1&2=2&3=3&7=7&17=17&curriculum=1&subject=7&topic=17&paper=1&season=Feb&zone=3&page=1&limit=5&dificulty=1&Feb=Feb [33m404 [0m2.784 ms - 62[0m
[0mGET /questions/getflterdquestions?1=1&2=2&3=3&7=7&17=17&curriculum=1&subject=7&topic=17&paper=1&season=Feb&zone=3&page=1&limit=5&dificulty=1&Feb=Feb [33m404 [0m3.868 ms - 62[0m
[0mGET /questions/getflterdquestions?1=1&2=2&3=3&7=7&17=17&curriculum=1&subject=7&topic=17&paper=1&season=Feb&zone=3&page=1&limit=5&dificulty=1&Feb=Feb [33m404 [0m2.829 ms - 62[0m
[0mGET /questions/getflterdquestions?1=1&2=2&3=3&7=7&17=17&curriculum=1&subject=7&topic=17&paper=1&season=Feb&zone=1&page=1&limit=5&dificulty=1&Feb=Feb [36m304 [0m3.168 ms - -[0m
[0mGET /uploads/1.png [36m304 [0m1.852 ms - -[0m
[0mGET /uploads/2.png [36m304 [0m1.849 ms - -[0m
[0mGET /uploads/1.png [36m304 [0m1.248 ms - -[0m
[0mGET /uploads/2.png [36m304 [0m0.937 ms - -[0m
[0mGET /uploads/1.png [36m304 [0m0.844 ms - -[0m
[0mGET /uploads/2.png [36m304 [0m0.738 ms - -[0m
[0mGET /uploads/1.png [36m304 [0m0.832 ms - -[0m
[0mGET /uploads/2.png [36m304 [0m11.259 ms - -[0m
[0mGET /questions/getflterdquestions?1=1&2=2&3=3&7=7&17=17&curriculum=1&subject=7&topic=17&paper=1&season=Feb&zone=1&page=1&limit=5&dificulty=1&Feb=Feb [36m304 [0m3.284 ms - -[0m
[0mGET /uploads/1.png [36m304 [0m0.892 ms - -[0m
[0mGET /uploads/2.png [36m304 [0m0.765 ms - -[0m
[0mGET /uploads/1.png [36m304 [0m0.975 ms - -[0m
[0mGET /uploads/2.png [36m304 [0m0.722 ms - -[0m
[0mGET /uploads/1.png [36m304 [0m1.340 ms - -[0m
[0mGET /uploads/2.png [36m304 [0m0.894 ms - -[0m
[0mGET /questions/getquestions?page=1&limit=10 [36m304 [0m8.148 ms - -[0m
[0mGET /questions/getfilters [36m304 [0m11.089 ms - -[0m
[0mGET /questions/getquestions?page=1&limit=10 [36m304 [0m6.636 ms - -[0m
[0mGET /questions/getfilters [36m304 [0m9.888 ms - -[0m
[0mGET /uploads/1.png [36m304 [0m0.957 ms - -[0m
[0mGET /uploads/2.png [36m304 [0m1.050 ms - -[0m
[0mGET /uploads/1.png [36m304 [0m1.294 ms - -[0m
[0mGET /uploads/2.png [36m304 [0m1.621 ms - -[0m
[0mGET /questions/getfilters [36m304 [0m19.590 ms - -[0m
[0mGET /questions/getquestions?page=1&limit=10 [36m304 [0m18.997 ms - -[0m
[0mGET /questions/getquestions?page=1&limit=10 [36m304 [0m6.744 ms - -[0m
[0mGET /questions/getfilters [36m304 [0m10.607 ms - -[0m
[0mGET /uploads/1.png [36m304 [0m2.165 ms - -[0m
[0mGET /uploads/2.png [36m304 [0m2.427 ms - -[0m
[0mGET /questions/getquestions?page=1&limit=10 [36m304 [0m4.096 ms - -[0m
[0mGET /questions/getfilters [36m304 [0m6.497 ms - -[0m
[0mGET /questions/getquestions?page=1&limit=10 [36m304 [0m3.910 ms - -[0m
[0mGET /questions/getfilters [36m304 [0m4.638 ms - -[0m
[0mGET /uploads/1.png [36m304 [0m1.688 ms - -[0m
[0mGET /uploads/2.png [36m304 [0m1.677 ms - -[0m
[0mGET /questions/getquestions?page=1&limit=10 [36m304 [0m3.332 ms - -[0m
[0mGET /questions/getfilters [36m304 [0m5.327 ms - -[0m
[0mGET /questions/getquestions?page=1&limit=10 [36m304 [0m3.598 ms - -[0m
[0mGET /questions/getfilters [36m304 [0m10.877 ms - -[0m
[0mGET /uploads/1.png [36m304 [0m1.810 ms - -[0m
[0mGET /uploads/2.png [36m304 [0m2.690 ms - -[0m
[0mGET /questions/getflterdquestions?1=1&7=7&17=17&curriculum=1&subject=7&topic=17&paper=1&season=Feb&zone=1&page=1&limit=5&dificulty=1&Feb=Feb [36m304 [0m2.999 ms - -[0m
[0mGET /uploads/1.png [36m304 [0m1.265 ms - -[0m
[0mGET /uploads/2.png [36m304 [0m1.311 ms - -[0m
Successfully connected to the database.
[0mGET /questions/getfilters [36m304 [0m39.691 ms - -[0m
[0mGET /questions/getquestions?page=1&limit=10 [32m200 [0m23.572 ms - 736[0m
[0mGET /questions/getfilters [36m304 [0m31.268 ms - -[0m
[0mGET /questions/getflterdquestions?1=1&2=2&7=7&17=17&curriculum=1&subject=7&topic=17&paper=2&season=May&zone=2&page=1&limit=5&dificulty=2&May=May [33m404 [0m5.608 ms - 62[0m
[0mGET /questions/getflterdquestions?1=1&2=2&7=7&17=17&curriculum=1&subject=7&topic=17&paper=2&season=May&zone=2&page=1&limit=5&dificulty=2&May=May [33m404 [0m2.646 ms - 62[0m
[0mGET /questions/getfilters [36m304 [0m4.715 ms - -[0m
[0mGET /questions/getquestions?page=1&limit=10 [36m304 [0m5.665 ms - -[0m
[0mGET /questions/getfilters [36m304 [0m8.104 ms - -[0m
Successfully connected to the database.
Successfully connected to the database.
[0mGET /questions/getbranding [32m200 [0m26.728 ms - 118[0m
[0mGET /questions/getquestions?page=1&limit=10 [32m200 [0m45.908 ms - 665[0m
[0mGET /questions/getfilters [32m200 [0m49.056 ms - 1024[0m
[0mGET /uploads/12.png [32m200 [0m16.079 ms - 86840[0m
[0mGET /uploads/13.png [32m200 [0m16.500 ms - 88622[0m
[0mGET /uploads/12.png [36m304 [0m1.656 ms - -[0m
[0mGET /uploads/12.png [36m304 [0m0.689 ms - -[0m
[0mGET /uploads/13.png [36m304 [0m0.751 ms - -[0m
[0mGET /questions/getbranding [36m304 [0m2.254 ms - -[0m
[0mGET /questions/getfields [32m200 [0m3.401 ms - 654[0m
[0mGET /questions/getfilters [36m304 [0m3.457 ms - -[0m
[0mGET /questions/getbranding [36m304 [0m5.696 ms - -[0m
[0mGET /questions/getfilters [36m304 [0m7.279 ms - -[0m
[0mGET /questions/getquestions?page=1&limit=10 [36m304 [0m6.470 ms - -[0m
[0mGET /uploads/13.png [36m304 [0m0.697 ms - -[0m
[0mGET /uploads/12.png [36m304 [0m1.436 ms - -[0m
[0mGET /questions/getfilters [36m304 [0m4.416 ms - -[0m
[0mGET /questions/getbranding [36m304 [0m2.318 ms - -[0m
[0mGET /questions/getbranding [36m304 [0m68.742 ms - -[0m
[0mGET /questions/getbranding [36m304 [0m11.241 ms - -[0m
[0mGET /questions/getquestions?page=1&limit=10 [36m304 [0m75.403 ms - -[0m
[0mGET /questions/getfilters [36m304 [0m81.295 ms - -[0m
[0mGET /questions/getquestions?page=1&limit=10 [36m304 [0m5.969 ms - -[0m
[0mGET /questions/getfilters [36m304 [0m5.700 ms - -[0m
[0mGET /uploads/12.png [36m304 [0m5.368 ms - -[0m
[0mGET /uploads/13.png [36m304 [0m5.819 ms - -[0m
[0mGET /questions/getquestions?page=1&limit=10 [36m304 [0m6.583 ms - -[0m
[0mGET /questions/getfilters [36m304 [0m9.404 ms - -[0m
[0mGET /questions/getbranding [36m304 [0m3.023 ms - -[0m
[0mGET /questions/getfilters [36m304 [0m7.480 ms - -[0m
[0mGET /questions/getbranding [36m304 [0m3.925 ms - -[0m
[0mGET /questions/getquestions?page=1&limit=10 [36m304 [0m8.611 ms - -[0m
[0mGET /questions/getfilters [36m304 [0m7.060 ms - -[0m
[0mGET /questions/getquestions?page=1&limit=10 [36m304 [0m5.336 ms - -[0m
[0mGET /uploads/12.png [36m304 [0m1.578 ms - -[0m
[0mGET /uploads/13.png [36m304 [0m1.367 ms - -[0m
[0mGET /uploads/12.png [36m304 [0m0.651 ms - -[0m
[0mGET /favicon.ico [33m404 [0m2957.241 ms - 1402[0m
[0mGET /uploads/12.png [36m304 [0m2.803 ms - -[0m
[0mGET /uploads/13.png [36m304 [0m2.703 ms - -[0m
[0mGET /questions/getbranding [36m304 [0m2.604 ms - -[0m
[0mGET /questions/getbranding [36m304 [0m3.490 ms - -[0m
[0mGET /questions/getfilters [36m304 [0m9.899 ms - -[0m
[0mGET /questions/getquestions?page=1&limit=10 [36m304 [0m8.183 ms - -[0m
[0mGET /questions/getfilters [36m304 [0m4.673 ms - -[0m
[0mGET /questions/getquestions?page=1&limit=10 [36m304 [0m3.948 ms - -[0m
[0mGET /uploads/12.png [36m304 [0m2.574 ms - -[0m
[0mGET /uploads/13.png [36m304 [0m0.996 ms - -[0m
[0mGET /uploads/12.png [36m304 [0m3.749 ms - -[0m
[0mGET /uploads/13.png [36m304 [0m4.190 ms - -[0m
[0mGET /uploads/12.png [36m304 [0m3.715 ms - -[0m
[0mGET /uploads/13.png [36m304 [0m3.064 ms - -[0m
[0mGET /uploads/12.png [36m304 [0m3.526 ms - -[0m
[0mGET /uploads/11.png [32m200 [0m21.703 ms - 25316[0m
[0mGET /uploads/12.png [36m304 [0m2.963 ms - -[0m
[0mGET /uploads/11.png [36m304 [0m5.466 ms - -[0m
[0mGET /uploads/13.png [36m304 [0m3.553 ms - -[0m
[0mGET /uploads/12.png [36m304 [0m3.497 ms - -[0m
[0mGET /uploads/13.png [36m304 [0m2.627 ms - -[0m
[0mGET /uploads/12.png [36m304 [0m2.183 ms - -[0m
[0mGET /questions/getbranding [36m304 [0m2.280 ms - -[0m
[0mGET /questions/getbranding [36m304 [0m2.986 ms - -[0m
[0mGET /questions/getquestions?page=1&limit=10 [36m304 [0m6.480 ms - -[0m
[0mGET /questions/getfilters [36m304 [0m10.204 ms - -[0m
[0mGET /questions/getquestions?page=1&limit=10 [36m304 [0m6.849 ms - -[0m
[0mGET /questions/getfilters [36m304 [0m10.531 ms - -[0m
[0mGET /uploads/13.png [36m304 [0m3.109 ms - -[0m
[0mGET /uploads/12.png [36m304 [0m2.787 ms - -[0m
[0mGET /uploads/12.png [36m304 [0m2.059 ms - -[0m
[0mGET /uploads/11.png [36m304 [0m3.119 ms - -[0m
[0mGET /uploads/13.png [36m304 [0m2.472 ms - -[0m
[0mGET /uploads/12.png [36m304 [0m3.320 ms - -[0m
[0mGET /uploads/13.png [36m304 [0m1.459 ms - -[0m
[0mGET /uploads/12.png [36m304 [0m1.830 ms - -[0m
[0mGET /uploads/12.png [36m304 [0m11.379 ms - -[0m
[0mGET /uploads/11.png [36m304 [0m11.409 ms - -[0m
[0mGET /uploads/13.png [36m304 [0m7.072 ms - -[0m
[0mGET /uploads/12.png [36m304 [0m5.961 ms - -[0m
[0mGET /uploads/13.png [36m304 [0m2.523 ms - -[0m
[0mGET /uploads/12.png [36m304 [0m2.093 ms - -[0m
[0mGET /uploads/12.png [36m304 [0m2.264 ms - -[0m
[0mGET /uploads/11.png [36m304 [0m2.472 ms - -[0m
[0mGET /uploads/13.png [36m304 [0m1.864 ms - -[0m
[0mGET /uploads/12.png [36m304 [0m0.734 ms - -[0m
[0mGET /uploads/13.png [36m304 [0m1.664 ms - -[0m
[0mGET /uploads/12.png [36m304 [0m1.477 ms - -[0m
[0mGET /uploads/12.png [36m304 [0m9.100 ms - -[0m
[0mGET /uploads/11.png [36m304 [0m7.249 ms - -[0m
[0mGET /uploads/13.png [36m304 [0m3.054 ms - -[0m
[0mGET /uploads/12.png [36m304 [0m1.305 ms - -[0m
[0mGET /uploads/13.png [36m304 [0m2.549 ms - -[0m
[0mGET /uploads/12.png [36m304 [0m2.037 ms - -[0m
[0mGET /uploads/12.png [36m304 [0m11.717 ms - -[0m
[0mGET /uploads/11.png [36m304 [0m3.217 ms - -[0m
[0mGET /uploads/13.png [36m304 [0m2.627 ms - -[0m
[0mGET /uploads/12.png [36m304 [0m2.197 ms - -[0m
[0mGET /uploads/13.png [36m304 [0m2.563 ms - -[0m
[0mGET /uploads/12.png [36m304 [0m1.434 ms - -[0m
[0mGET /questions/getbranding [36m304 [0m1.670 ms - -[0m
[0mGET /questions/getquestions?page=1&limit=10 [36m304 [0m4.857 ms - -[0m
[0mGET /questions/getbranding [36m304 [0m3.269 ms - -[0m
[0mGET /questions/getfilters [36m304 [0m7.415 ms - -[0m
[0mGET /questions/getquestions?page=1&limit=10 [36m304 [0m3.354 ms - -[0m
[0mGET /questions/getfilters [36m304 [0m3.343 ms - -[0m
[0mGET /uploads/12.png [36m304 [0m0.980 ms - -[0m
[0mGET /uploads/13.png [36m304 [0m1.056 ms - -[0m
[0mGET /uploads/12.png [36m304 [0m5.068 ms - -[0m
[0mGET /uploads/11.png [36m304 [0m5.062 ms - -[0m
[0mGET /uploads/13.png [36m304 [0m2.314 ms - -[0m
[0mGET /uploads/12.png [36m304 [0m1.382 ms - -[0m
[0mGET /uploads/13.png [36m304 [0m3.159 ms - -[0m
[0mGET /uploads/12.png [36m304 [0m2.989 ms - -[0m
[0mGET /questions/getbranding [36m304 [0m2.626 ms - -[0m
[0mGET /questions/getquestions?page=1&limit=10 [36m304 [0m4.338 ms - -[0m
[0mGET /questions/getbranding [36m304 [0m3.084 ms - -[0m
[0mGET /questions/getfilters [36m304 [0m7.602 ms - -[0m
[0mGET /questions/getquestions?page=1&limit=10 [36m304 [0m6.394 ms - -[0m
[0mGET /questions/getfilters [36m304 [0m3.999 ms - -[0m
[0mGET /uploads/12.png [36m304 [0m1.225 ms - -[0m
[0mGET /uploads/13.png [36m304 [0m1.235 ms - -[0m
[0mGET /uploads/12.png [36m304 [0m2.357 ms - -[0m
[0mGET /uploads/13.png [36m304 [0m1.695 ms - -[0m
[0mGET /uploads/12.png [36m304 [0m1.371 ms - -[0m
[0mGET /uploads/12.png [36m304 [0m1.418 ms - -[0m
[0mGET /uploads/13.png [36m304 [0m1.040 ms - -[0m
[0mGET /uploads/12.png [36m304 [0m0.691 ms - -[0m
[0mGET /uploads/12.png [36m304 [0m7.582 ms - -[0m
[0mGET /uploads/13.png [36m304 [0m7.522 ms - -[0m
[0mGET /uploads/12.png [36m304 [0m1.221 ms - -[0m
[0mGET /questions/getbranding [36m304 [0m2.762 ms - -[0m
[0mGET /questions/getquestions?page=1&limit=10 [36m304 [0m2.936 ms - -[0m
[0mGET /questions/getbranding [36m304 [0m2.225 ms - -[0m
[0mGET /questions/getfilters [36m304 [0m6.755 ms - -[0m
[0mGET /questions/getquestions?page=1&limit=10 [36m304 [0m3.587 ms - -[0m
[0mGET /questions/getfilters [36m304 [0m3.915 ms - -[0m
[0mGET /uploads/12.png [36m304 [0m2.033 ms - -[0m
[0mGET /uploads/13.png [36m304 [0m4.663 ms - -[0m
[0mGET /uploads/12.png [36m304 [0m1.576 ms - -[0m
[0mGET /uploads/13.png [36m304 [0m1.679 ms - -[0m
[0mGET /uploads/12.png [36m304 [0m1.438 ms - -[0m
[0mGET /questions/getbranding [36m304 [0m1.543 ms - -[0m
[0mGET /questions/getbranding [36m304 [0m2.048 ms - -[0m
[0mGET /questions/getquestions?page=1&limit=10 [36m304 [0m3.989 ms - -[0m
[0mGET /questions/getfilters [36m304 [0m6.373 ms - -[0m
[0mGET /questions/getquestions?page=1&limit=10 [36m304 [0m4.539 ms - -[0m
[0mGET /questions/getfilters [36m304 [0m3.894 ms - -[0m
[0mGET /uploads/12.png [36m304 [0m1.117 ms - -[0m
[0mGET /uploads/13.png [36m304 [0m1.209 ms - -[0m
[0mGET /uploads/12.png [36m304 [0m1.309 ms - -[0m
[0mGET /uploads/13.png [36m304 [0m1.319 ms - -[0m
[0mGET /uploads/12.png [36m304 [0m0.746 ms - -[0m
[0mGET /questions/getbranding [36m304 [0m3.275 ms - -[0m
[0mGET /questions/getfilters [36m304 [0m6.823 ms - -[0m
[0mGET /questions/getbranding [36m304 [0m2.136 ms - -[0m
[0mGET /questions/getquestions?page=1&limit=10 [36m304 [0m7.740 ms - -[0m
[0mGET /questions/getfilters [36m304 [0m4.720 ms - -[0m
[0mGET /questions/getquestions?page=1&limit=10 [36m304 [0m4.171 ms - -[0m
[0mGET /uploads/12.png [36m304 [0m0.990 ms - -[0m
[0mGET /uploads/13.png [36m304 [0m1.036 ms - -[0m
[0mGET /uploads/12.png [36m304 [0m1.407 ms - -[0m
[0mGET /uploads/13.png [36m304 [0m1.305 ms - -[0m
[0mGET /uploads/12.png [36m304 [0m0.989 ms - -[0m
[0mGET /uploads/13.png [36m304 [0m2.118 ms - -[0m
[0mGET /uploads/12.png [36m304 [0m1.522 ms - -[0m
[0mGET /uploads/12.png [36m304 [0m0.917 ms - -[0m
[0mGET /uploads/12.png [36m304 [0m0.856 ms - -[0m
[0mGET /uploads/12.png [36m304 [0m3.540 ms - -[0m
[0mGET /uploads/13.png [36m304 [0m3.212 ms - -[0m
[0mGET /uploads/12.png [36m304 [0m1.274 ms - -[0m
[0mGET /uploads/12.png [36m304 [0m1.232 ms - -[0m
[0mGET /uploads/12.png [36m304 [0m0.654 ms - -[0m
[0mGET /uploads/13.png [36m304 [0m1.732 ms - -[0m
[0mGET /uploads/12.png [36m304 [0m1.627 ms - -[0m
[0mGET /uploads/13.png [36m304 [0m1.702 ms - -[0m
[0mGET /uploads/12.png [36m304 [0m1.302 ms - -[0m
[0mGET /uploads/12.png [36m304 [0m1.818 ms - -[0m
[0mGET /uploads/13.png [36m304 [0m1.603 ms - -[0m
[0mGET /uploads/12.png [36m304 [0m1.273 ms - -[0m
[0mGET /uploads/13.png [36m304 [0m5.466 ms - -[0m
[0mGET /uploads/12.png [36m304 [0m5.534 ms - -[0m
[0mGET /uploads/12.png [36m304 [0m1.290 ms - -[0m
[0mGET /uploads/12.png [36m304 [0m2.336 ms - -[0m
[0mGET /uploads/13.png [36m304 [0m1.624 ms - -[0m
[0mGET /uploads/12.png [36m304 [0m1.411 ms - -[0m
[0mGET /uploads/12.png [36m304 [0m0.788 ms - -[0m
[0mGET /uploads/13.png [36m304 [0m0.815 ms - -[0m
[0mGET /uploads/12.png [36m304 [0m0.659 ms - -[0m
[0mGET /uploads/12.png [36m304 [0m0.917 ms - -[0m
[0mGET /uploads/13.png [36m304 [0m0.948 ms - -[0m
[0mGET /uploads/12.png [36m304 [0m0.814 ms - -[0m
[0mGET /uploads/12.png [36m304 [0m2.919 ms - -[0m
[0mGET /uploads/13.png [36m304 [0m10.196 ms - -[0m
[0mGET /uploads/12.png [36m304 [0m1.026 ms - -[0m
[0mGET /questions/getbranding [36m304 [0m2.708 ms - -[0m
[0mGET /questions/getquestions?page=1&limit=10 [36m304 [0m3.565 ms - -[0m
[0mGET /questions/getbranding [36m304 [0m2.698 ms - -[0m
[0mGET /questions/getfilters [36m304 [0m7.061 ms - -[0m
[0mGET /questions/getquestions?page=1&limit=10 [36m304 [0m2.656 ms - -[0m
[0mGET /questions/getfilters [36m304 [0m2.780 ms - -[0m
[0mGET /uploads/12.png [36m304 [0m1.267 ms - -[0m
[0mGET /uploads/13.png [36m304 [0m1.994 ms - -[0m
[0mGET /uploads/12.png [36m304 [0m1.455 ms - -[0m
[0mGET /uploads/13.png [36m304 [0m1.599 ms - -[0m
[0mGET /uploads/12.png [36m304 [0m1.856 ms - -[0m
[0mGET /questions/getbranding [36m304 [0m2.729 ms - -[0m
[0mGET /questions/getquestions?page=1&limit=10 [36m304 [0m3.510 ms - -[0m
[0mGET /questions/getbranding [36m304 [0m2.489 ms - -[0m
[0mGET /questions/getfilters [36m304 [0m7.023 ms - -[0m
[0mGET /questions/getquestions?page=1&limit=10 [36m304 [0m2.729 ms - -[0m
[0mGET /questions/getfilters [36m304 [0m3.419 ms - -[0m
[0mGET /uploads/12.png [36m304 [0m2.571 ms - -[0m
[0mGET /uploads/13.png [36m304 [0m2.601 ms - -[0m
[0mGET /uploads/12.png [36m304 [0m1.417 ms - -[0m
[0mGET /uploads/13.png [36m304 [0m1.427 ms - -[0m
[0mGET /uploads/12.png [36m304 [0m1.159 ms - -[0m
[0mGET /uploads/12.png [36m304 [0m1.999 ms - -[0m
[0mGET /uploads/13.png [36m304 [0m1.664 ms - -[0m
[0mGET /uploads/12.png [36m304 [0m1.246 ms - -[0m
[0mGET /uploads/12.png [36m304 [0m2.106 ms - -[0m
[0mGET /uploads/13.png [36m304 [0m1.704 ms - -[0m
[0mGET /uploads/12.png [36m304 [0m1.277 ms - -[0m
[0mGET /questions/getbranding [36m304 [0m2.090 ms - -[0m
[0mGET /questions/getquestions?page=1&limit=10 [36m304 [0m4.608 ms - -[0m
[0mGET /questions/getbranding [36m304 [0m3.219 ms - -[0m
[0mGET /questions/getfilters [36m304 [0m7.733 ms - -[0m
[0mGET /questions/getquestions?page=1&limit=10 [36m304 [0m17.935 ms - -[0m
[0mGET /questions/getfilters [36m304 [0m3.987 ms - -[0m
[0mGET /uploads/12.png [36m304 [0m1.300 ms - -[0m
[0mGET /uploads/13.png [36m304 [0m1.286 ms - -[0m
[0mGET /uploads/12.png [36m304 [0m1.600 ms - -[0m
[0mGET /uploads/13.png [36m304 [0m2.153 ms - -[0m
[0mGET /uploads/12.png [36m304 [0m2.588 ms - -[0m
{
  '1': '1',
  '2': '2',
  '7': '7',
  curriculum: '1',
  subject: '2',
  topic: '7',
  paper: '1',
  dificulty: '',
  calculater: '',
  season: '',
  zone: '',
  page: '1',
  limit: '5'
}
[0mGET /questions/getflterdquestions?1=1&2=2&7=7&curriculum=1&subject=2&topic=7&paper=1&dificulty=&calculater=&season=&zone=&page=1&limit=5 [32m200 [0m23.250 ms - 356[0m
[0mGET /uploads/12.png [36m304 [0m5.734 ms - -[0m
[0mGET /questions/getbranding [36m304 [0m3.326 ms - -[0m
[0mGET /questions/getfilters [36m304 [0m2.752 ms - -[0m
[0mGET /questions/getbranding [36m304 [0m3.965 ms - -[0m
[0mGET /questions/getquestions?page=1&limit=10 [36m304 [0m5.471 ms - -[0m
[0mGET /questions/getfilters [36m304 [0m6.156 ms - -[0m
[0mGET /questions/getquestions?page=1&limit=10 [36m304 [0m3.214 ms - -[0m
[0mGET /uploads/12.png [36m304 [0m3.916 ms - -[0m
[0mGET /uploads/13.png [36m304 [0m4.018 ms - -[0m
[0mGET /uploads/12.png [36m304 [0m1.564 ms - -[0m
[0mGET /uploads/13.png [36m304 [0m1.842 ms - -[0m
[0mGET /uploads/12.png [36m304 [0m1.144 ms - -[0m
Successfully connected to the database.
Successfully connected to the database.
[0mPOST /questions/validateUser [32m200 [0m11.416 ms - 58[0m
[0mPOST /questions/validateUser [32m200 [0m3.200 ms - 58[0m
[0mPOST /questions/validateUser [32m200 [0m2.037 ms - 58[0m
[0mPOST /questions/validateUser [32m200 [0m2.351 ms - 58[0m
[0mPOST /questions/validateUser [32m200 [0m1.285 ms - 58[0m
[0mPOST /questions/validateUser [32m200 [0m1.214 ms - 58[0m
[0mPOST /questions/validateUser [32m200 [0m1.281 ms - 58[0m
[0mPOST /questions/validateUser [32m200 [0m1.385 ms - 58[0m
[0mPOST /questions/validateUser [32m200 [0m1.339 ms - 58[0m
[0mPOST /questions/validateUser [32m200 [0m1.302 ms - 58[0m
[0mPOST /questions/validateUser [32m200 [0m1.815 ms - 58[0m
